# JRE version: OpenJDK Runtime Environment (23.0.1+11) (build 23.0.1+11-39)
# Java VM: OpenJDK 64-Bit Server VM (23.0.1+11-39, mixed mode, sharing, tiered, compressed oops, compressed class ptrs, g1 gc, windows-amd64)
GC Precious Log:
 CardTable entry size: 512
 Card Set container configuration: InlinePtr #cards 4 size 8 Array Of Cards #cards 16 size 48 Howl #buckets 8 coarsen threshold 3686 Howl Bitmap #cards 512 size 80 coarsen threshold 460 Card regions per heap region 1 cards per card region 4096
 CPUs: 12 total, 12 available
 Memory: 16076M
 Large Page Support: Disabled
 NUMA Support: Disabled
 Compressed Oops: Enabled (Zero based)
 Heap Region Size: 2M
 Heap Min Capacity: 8M
 Heap Initial Capacity: 252M
 Heap Max Capacity: 4020M
 Pre-touch: Disabled
 Parallel Workers: 10
 Concurrent Workers: 3
 Concurrent Refinement Workers: 10
 Periodic GC: Disabled
Heap:
 garbage-first heap   total reserved 4116480K, committed 571392K, used 280619K [0x0000000704c00000, 0x0000000800000000)
  region size 2048K, 1 young (2048K), 1 survivors (2048K)
 Metaspace       used 17789K, committed 18112K, reserved 1114112K
  class space    used 2471K, committed 2624K, reserved 1048576K
GC Heap History (20 events):
Event: 7.530 GC heap after
{Heap after GC invocations=75 (full 0):
 garbage-first heap   total reserved 4116480K, committed 569344K, used 559970K [0x0000000704c00000, 0x0000000800000000)
  region size 2048K, 1 young (2048K), 1 survivors (2048K)
 Metaspace       used 17454K, committed 17728K, reserved 1114112K
  class space    used 2451K, committed 2560K, reserved 1048576K
}
Event: 8.152 GC heap before
{Heap before GC invocations=76 (full 0):
 garbage-first heap   total reserved 4116480K, committed 512000K, used 394082K [0x0000000704c00000, 0x0000000800000000)
  region size 2048K, 4 young (8192K), 1 survivors (2048K)
 Metaspace       used 17529K, committed 17792K, reserved 1114112K
  class space    used 2451K, committed 2560K, reserved 1048576K
}
Event: 8.155 GC heap after
{Heap after GC invocations=77 (full 0):
 garbage-first heap   total reserved 4116480K, committed 512000K, used 350204K [0x0000000704c00000, 0x0000000800000000)
  region size 2048K, 1 young (2048K), 1 survivors (2048K)
 Metaspace       used 17529K, committed 17792K, reserved 1114112K
  class space    used 2451K, committed 2560K, reserved 1048576K
}
Event: 12.884 GC heap before
{Heap before GC invocations=77 (full 0):
 garbage-first heap   total reserved 4116480K, committed 540672K, used 540668K [0x0000000704c00000, 0x0000000800000000)
  region size 2048K, 5 young (10240K), 1 survivors (2048K)
 Metaspace       used 17765K, committed 18048K, reserved 1114112K
  class space    used 2471K, committed 2624K, reserved 1048576K
}
Event: 12.887 GC heap after
{Heap after GC invocations=78 (full 0):
 garbage-first heap   total reserved 4116480K, committed 544768K, used 155275K [0x0000000704c00000, 0x0000000800000000)
  region size 2048K, 1 young (2048K), 1 survivors (2048K)
 Metaspace       used 17765K, committed 18048K, reserved 1114112K
  class space    used 2471K, committed 2624K, reserved 1048576K
}
Event: 13.292 GC heap before
{Heap before GC invocations=78 (full 0):
 garbage-first heap   total reserved 4116480K, committed 544768K, used 249483K [0x0000000704c00000, 0x0000000800000000)
  region size 2048K, 4 young (8192K), 1 survivors (2048K)
 Metaspace       used 17789K, committed 18112K, reserved 1114112K
  class space    used 2471K, committed 2624K, reserved 1048576K
}
Event: 13.294 GC heap after
{Heap after GC invocations=79 (full 0):
 garbage-first heap   total reserved 4116480K, committed 544768K, used 245662K [0x0000000704c00000, 0x0000000800000000)
  region size 2048K, 1 young (2048K), 1 survivors (2048K)
 Metaspace       used 17789K, committed 18112K, reserved 1114112K
  class space    used 2471K, committed 2624K, reserved 1048576K
}
Event: 13.307 GC heap before
{Heap before GC invocations=80 (full 0):
 garbage-first heap   total reserved 4116480K, committed 544768K, used 247710K [0x0000000704c00000, 0x0000000800000000)
  region size 2048K, 2 young (4096K), 1 survivors (2048K)
 Metaspace       used 17789K, committed 18112K, reserved 1114112K
  class space    used 2471K, committed 2624K, reserved 1048576K
}
Event: 13.310 GC heap after
{Heap after GC invocations=81 (full 0):
 garbage-first heap   total reserved 4116480K, committed 544768K, used 247697K [0x0000000704c00000, 0x0000000800000000)
  region size 2048K, 1 young (2048K), 1 survivors (2048K)
 Metaspace       used 17789K, committed 18112K, reserved 1114112K
  class space    used 2471K, committed 2624K, reserved 1048576K
}
Event: 13.322 GC heap before
{Heap before GC invocations=82 (full 0):
 garbage-first heap   total reserved 4116480K, committed 544768K, used 251793K [0x0000000704c00000, 0x0000000800000000)
  region size 2048K, 2 young (4096K), 1 survivors (2048K)
 Metaspace       used 17789K, committed 18112K, reserved 1114112K
  class space    used 2471K, committed 2624K, reserved 1048576K
}
Event: 13.325 GC heap after
{Heap after GC invocations=83 (full 0):
 garbage-first heap   total reserved 4116480K, committed 544768K, used 251791K [0x0000000704c00000, 0x0000000800000000)
  region size 2048K, 1 young (2048K), 1 survivors (2048K)
 Metaspace       used 17789K, committed 18112K, reserved 1114112K
  class space    used 2471K, committed 2624K, reserved 1048576K
}
Event: 13.340 GC heap before
{Heap before GC invocations=84 (full 0):
 garbage-first heap   total reserved 4116480K, committed 544768K, used 257935K [0x0000000704c00000, 0x0000000800000000)
  region size 2048K, 2 young (4096K), 1 survivors (2048K)
 Metaspace       used 17789K, committed 18112K, reserved 1114112K
  class space    used 2471K, committed 2624K, reserved 1048576K
}
Event: 13.342 GC heap after
{Heap after GC invocations=85 (full 0):
 garbage-first heap   total reserved 4116480K, committed 544768K, used 258007K [0x0000000704c00000, 0x0000000800000000)
  region size 2048K, 1 young (2048K), 1 survivors (2048K)
 Metaspace       used 17789K, committed 18112K, reserved 1114112K
  class space    used 2471K, committed 2624K, reserved 1048576K
}
Event: 13.356 GC heap before
{Heap before GC invocations=86 (full 0):
 garbage-first heap   total reserved 4116480K, committed 544768K, used 264151K [0x0000000704c00000, 0x0000000800000000)
  region size 2048K, 2 young (4096K), 1 survivors (2048K)
 Metaspace       used 17789K, committed 18112K, reserved 1114112K
  class space    used 2471K, committed 2624K, reserved 1048576K
}
Event: 13.359 GC heap after
{Heap after GC invocations=87 (full 0):
 garbage-first heap   total reserved 4116480K, committed 544768K, used 264208K [0x0000000704c00000, 0x0000000800000000)
  region size 2048K, 1 young (2048K), 1 survivors (2048K)
 Metaspace       used 17789K, committed 18112K, reserved 1114112K
  class space    used 2471K, committed 2624K, reserved 1048576K
}
Event: 13.372 GC heap before
{Heap before GC invocations=88 (full 0):
 garbage-first heap   total reserved 4116480K, committed 544768K, used 268304K [0x0000000704c00000, 0x0000000800000000)
  region size 2048K, 2 young (4096K), 1 survivors (2048K)
 Metaspace       used 17789K, committed 18112K, reserved 1114112K
  class space    used 2471K, committed 2624K, reserved 1048576K
}
Event: 13.374 GC heap after
{Heap after GC invocations=89 (full 0):
 garbage-first heap   total reserved 4116480K, committed 544768K, used 268261K [0x0000000704c00000, 0x0000000800000000)
  region size 2048K, 1 young (2048K), 1 survivors (2048K)
 Metaspace       used 17789K, committed 18112K, reserved 1114112K
  class space    used 2471K, committed 2624K, reserved 1048576K
}
Event: 13.388 GC heap before
{Heap before GC invocations=90 (full 0):
 garbage-first heap   total reserved 4116480K, committed 544768K, used 274405K [0x0000000704c00000, 0x0000000800000000)
  region size 2048K, 2 young (4096K), 1 survivors (2048K)
 Metaspace       used 17789K, committed 18112K, reserved 1114112K
  class space    used 2471K, committed 2624K, reserved 1048576K
}
Event: 13.390 GC heap after
{Heap after GC invocations=91 (full 0):
 garbage-first heap   total reserved 4116480K, committed 544768K, used 274420K [0x0000000704c00000, 0x0000000800000000)
  region size 2048K, 1 young (2048K), 1 survivors (2048K)
 Metaspace       used 17789K, committed 18112K, reserved 1114112K
  class space    used 2471K, committed 2624K, reserved 1048576K
}
Event: 13.403 GC heap before
{Heap before GC invocations=92 (full 0):
 garbage-first heap   total reserved 4116480K, committed 544768K, used 280564K [0x0000000704c00000, 0x0000000800000000)
  region size 2048K, 2 young (4096K), 1 survivors (2048K)
 Metaspace       used 17789K, committed 18112K, reserved 1114112K
  class space    used 2471K, committed 2624K, reserved 1048576K
}

